<?xml version="1.0" encoding="UTF-8"?>
<!-- Generated by org.testng.reporters.JUnitXMLReporter -->
<testsuite ignored="0" hostname="DESKTOP-NO681DI" failures="0" tests="3" name="Task 2" time="16.191" errors="0" timestamp="2024-02-26T17:50:00 GMT">
  <testcase classname="testBase.BaseClass" name="LaunchApp" time="5.83"/>
  <testcase classname="testBase.BaseClass" name="EnterLogindetails" time="0.417"/>
  <testcase classname="testCases.SecondTestCase" name="SearchResults" time="6.812"/>
</testsuite> <!-- Task 2 -->
