<?xml version="1.0" encoding="UTF-8"?>
<!-- Generated by org.testng.reporters.JUnitXMLReporter -->
<testsuite ignored="0" hostname="DESKTOP-NO681DI" failures="0" tests="3" name="Task 2" time="15.395" errors="0" timestamp="2024-02-26T18:17:59 GMT">
  <testcase classname="testBase.BaseClass" name="LaunchApp" time="5.951"/>
  <testcase classname="testBase.BaseClass" name="EnterLogindetails" time="0.411"/>
  <testcase classname="testCases.SecondTestCase" name="SearchResults" time="6.023"/>
</testsuite> <!-- Task 2 -->
