<?xml version="1.0" encoding="UTF-8"?>
<!-- Generated by org.testng.reporters.JUnitXMLReporter -->
<testsuite ignored="0" hostname="DESKTOP-NO681DI" failures="0" tests="3" name="Task 1" time="18.125" errors="0" timestamp="2024-02-26T18:17:44 GMT">
  <testcase classname="testBase.BaseClass" name="LaunchApp" time="6.0"/>
  <testcase classname="testBase.BaseClass" name="EnterLogindetails" time="0.412"/>
  <testcase classname="testCases.FirstTestCase" name="EquipmentReport" time="7.534"/>
</testsuite> <!-- Task 1 -->
